<?xml version="1.0" encoding="UTF-8"?>
<testsuite name="com.example.app.AppApplicationTests" tests="1" skipped="0" failures="0" errors="0" timestamp="2023-09-15T12:25:26" hostname="f4a0b6fd73d6" time="0.506">
  <properties/>
  <testcase name="contextLoads()" classname="com.example.app.AppApplicationTests" time="0.506"/>
  <system-out><![CDATA[12:25:23.637 [Test worker] DEBUG org.springframework.test.context.BootstrapUtils - Instantiating CacheAwareContextLoaderDelegate from class [org.springframework.test.context.cache.DefaultCacheAwareContextLoaderDelegate]
12:25:23.652 [Test worker] DEBUG org.springframework.test.context.BootstrapUtils - Instantiating BootstrapContext using constructor [public org.springframework.test.context.support.DefaultBootstrapContext(java.lang.Class,org.springframework.test.context.CacheAwareContextLoaderDelegate)]
12:25:23.688 [Test worker] DEBUG org.springframework.test.context.BootstrapUtils - Instantiating TestContextBootstrapper for test class [com.example.app.AppApplicationTests] from class [org.springframework.boot.test.context.SpringBootTestContextBootstrapper]
12:25:23.702 [Test worker] INFO org.springframework.boot.test.context.SpringBootTestContextBootstrapper - Neither @ContextConfiguration nor @ContextHierarchy found for test class [com.example.app.AppApplicationTests], using SpringBootContextLoader
12:25:23.708 [Test worker] DEBUG org.springframework.test.context.support.AbstractContextLoader - Did not detect default resource location for test class [com.example.app.AppApplicationTests]: class path resource [com/example/app/AppApplicationTests-context.xml] does not exist
12:25:23.709 [Test worker] DEBUG org.springframework.test.context.support.AbstractContextLoader - Did not detect default resource location for test class [com.example.app.AppApplicationTests]: class path resource [com/example/app/AppApplicationTestsContext.groovy] does not exist
12:25:23.709 [Test worker] INFO org.springframework.test.context.support.AbstractContextLoader - Could not detect default resource locations for test class [com.example.app.AppApplicationTests]: no resource found for suffixes {-context.xml, Context.groovy}.
12:25:23.710 [Test worker] INFO org.springframework.test.context.support.AnnotationConfigContextLoaderUtils - Could not detect default configuration classes for test class [com.example.app.AppApplicationTests]: AppApplicationTests does not declare any static, non-private, non-final, nested classes annotated with @Configuration.
12:25:23.758 [Test worker] DEBUG org.springframework.test.context.support.ActiveProfilesUtils - Could not find an 'annotation declaring class' for annotation type [org.springframework.test.context.ActiveProfiles] and class [com.example.app.AppApplicationTests]
12:25:23.825 [Test worker] DEBUG org.springframework.context.annotation.ClassPathScanningCandidateComponentProvider - Identified candidate component class: file [/srv/build/classes/java/main/com/example/app/AppApplication.class]
12:25:23.826 [Test worker] INFO org.springframework.boot.test.context.SpringBootTestContextBootstrapper - Found @SpringBootConfiguration com.example.app.AppApplication for test class com.example.app.AppApplicationTests
12:25:23.946 [Test worker] DEBUG org.springframework.boot.test.context.SpringBootTestContextBootstrapper - @TestExecutionListeners is not present for class [com.example.app.AppApplicationTests]: using defaults.
12:25:23.947 [Test worker] INFO org.springframework.boot.test.context.SpringBootTestContextBootstrapper - Loaded default TestExecutionListener class names from location [META-INF/spring.factories]: [org.springframework.boot.test.autoconfigure.restdocs.RestDocsTestExecutionListener, org.springframework.boot.test.autoconfigure.web.client.MockRestServiceServerResetTestExecutionListener, org.springframework.boot.test.autoconfigure.web.servlet.MockMvcPrintOnlyOnFailureTestExecutionListener, org.springframework.boot.test.autoconfigure.web.servlet.WebDriverTestExecutionListener, org.springframework.boot.test.autoconfigure.webservices.client.MockWebServiceServerTestExecutionListener, org.springframework.boot.test.mock.mockito.MockitoTestExecutionListener, org.springframework.boot.test.mock.mockito.ResetMocksTestExecutionListener, org.springframework.test.context.web.ServletTestExecutionListener, org.springframework.test.context.support.DirtiesContextBeforeModesTestExecutionListener, org.springframework.test.context.event.ApplicationEventsTestExecutionListener, org.springframework.test.context.support.DependencyInjectionTestExecutionListener, org.springframework.test.context.support.DirtiesContextTestExecutionListener, org.springframework.test.context.transaction.TransactionalTestExecutionListener, org.springframework.test.context.jdbc.SqlScriptsTestExecutionListener, org.springframework.test.context.event.EventPublishingTestExecutionListener]
12:25:23.975 [Test worker] INFO org.springframework.boot.test.context.SpringBootTestContextBootstrapper - Using TestExecutionListeners: [org.springframework.test.context.web.ServletTestExecutionListener@160ac7fb, org.springframework.test.context.support.DirtiesContextBeforeModesTestExecutionListener@12bfd80d, org.springframework.test.context.event.ApplicationEventsTestExecutionListener@41925502, org.springframework.boot.test.mock.mockito.MockitoTestExecutionListener@13e3c1c7, org.springframework.boot.test.autoconfigure.SpringBootDependencyInjectionTestExecutionListener@5316e95f, org.springframework.test.context.support.DirtiesContextTestExecutionListener@3f053c80, org.springframework.test.context.transaction.TransactionalTestExecutionListener@6c6c5427, org.springframework.test.context.jdbc.SqlScriptsTestExecutionListener@618c5d94, org.springframework.test.context.event.EventPublishingTestExecutionListener@5b40ceb, org.springframework.boot.test.autoconfigure.restdocs.RestDocsTestExecutionListener@13c3c1e1, org.springframework.boot.test.autoconfigure.web.client.MockRestServiceServerResetTestExecutionListener@1d8062d2, org.springframework.boot.test.autoconfigure.web.servlet.MockMvcPrintOnlyOnFailureTestExecutionListener@1e63ec0b, org.springframework.boot.test.autoconfigure.web.servlet.WebDriverTestExecutionListener@3b956878, org.springframework.boot.test.autoconfigure.webservices.client.MockWebServiceServerTestExecutionListener@36546a22, org.springframework.boot.test.mock.mockito.ResetMocksTestExecutionListener@285c08c8]
12:25:23.979 [Test worker] DEBUG org.springframework.test.context.support.AbstractDirtiesContextTestExecutionListener - Before test class: context [DefaultTestContext@56c9bbd8 testClass = AppApplicationTests, testInstance = [null], testMethod = [null], testException = [null], mergedContextConfiguration = [WebMergedContextConfiguration@630cb4a4 testClass = AppApplicationTests, locations = '{}', classes = '{class com.example.app.AppApplication}', contextInitializerClasses = '[]', activeProfiles = '{}', propertySourceLocations = '{}', propertySourceProperties = '{org.springframework.boot.test.context.SpringBootTestContextBootstrapper=true}', contextCustomizers = set[org.springframework.boot.test.autoconfigure.actuate.metrics.MetricsExportContextCustomizerFactory$DisableMetricExportContextCustomizer@7d446ed1, org.springframework.boot.test.autoconfigure.properties.PropertyMappingContextCustomizer@0, org.springframework.boot.test.autoconfigure.web.servlet.WebDriverContextCustomizerFactory$Customizer@338c99c8, org.springframework.boot.test.context.filter.ExcludeFilterContextCustomizer@2796aeae, org.springframework.boot.test.json.DuplicateJsonObjectContextCustomizerFactory$DuplicateJsonObjectContextCustomizer@51fadaff, org.springframework.boot.test.mock.mockito.MockitoContextCustomizer@0, org.springframework.boot.test.web.client.TestRestTemplateContextCustomizer@6c2c1385, org.springframework.boot.test.context.SpringBootTestArgs@1, org.springframework.boot.test.context.SpringBootTestWebEnvironment@63070bab], resourceBasePath = 'src/main/webapp', contextLoader = 'org.springframework.boot.test.context.SpringBootContextLoader', parent = [null]], attributes = map['org.springframework.test.context.web.ServletTestExecutionListener.activateListener' -> true]], class annotated with @DirtiesContext [false] with mode [null].

  .   ____          _            __ _ _
 /\\ / ___'_ __ _ _(_)_ __  __ _ \ \ \ \
( ( )\___ | '_ | '_| | '_ \/ _` | \ \ \ \
 \\/  ___)| |_)| | | | | || (_| |  ) ) ) )
  '  |____| .__|_| |_|_| |_\__, | / / / /
 =========|_|==============|___/=/_/_/_/
 :: Spring Boot ::               (v2.7.15)

2023-09-15 12:25:24.338  INFO 605 --- [    Test worker] com.example.app.AppApplicationTests      : Starting AppApplicationTests using Java 11.0.16 on f4a0b6fd73d6 with PID 605 (started by root in /srv)
2023-09-15 12:25:24.339  INFO 605 --- [    Test worker] com.example.app.AppApplicationTests      : No active profile set, falling back to 1 default profile: "default"
2023-09-15 12:25:26.183  INFO 605 --- [    Test worker] o.s.b.a.w.s.WelcomePageHandlerMapping    : Adding welcome page template: index
2023-09-15 12:25:26.685  INFO 605 --- [    Test worker] com.example.app.AppApplicationTests      : Started AppApplicationTests in 2.66 seconds (JVM running for 3.859)
]]></system-out>
  <system-err><![CDATA[]]></system-err>
</testsuite>
